[ 2016-08-18T00:00:12+08:00 ] 127.0.0.1 /index.php/Admin/Email/getMsgCount.html
INFO: [ app_begin ] --START--
INFO: Run Behavior\ReadHtmlCacheBehavior [ RunTime:0.000416s ]
INFO: [ app_begin ] --END-- [ RunTime:0.000471s ]
SQL: SHOW COLUMNS FROM `tp_email` [ RunTime:0.0069s ]
SQL: SELECT COUNT(*) AS tp_count FROM `tp_email` WHERE ( isread = 0 and to_id = 1 ) LIMIT 1   [ RunTime:0.0008s ]
INFO: [ app_end ] --START--
INFO: Run Behavior\ShowPageTraceBehavior [ RunTime:0.001316s ]
INFO: [ app_end ] --END-- [ RunTime:0.001443s ]

[ 2016-08-18T00:00:15+08:00 ] 127.0.0.1 /index.php/Admin/Email/getMsgCount.html
INFO: [ app_begin ] --START--
INFO: Run Behavior\ReadHtmlCacheBehavior [ RunTime:0.000470s ]
INFO: [ app_begin ] --END-- [ RunTime:0.000526s ]
SQL: SHOW COLUMNS FROM `tp_email` [ RunTime:0.0538s ]
SQL: SELECT COUNT(*) AS tp_count FROM `tp_email` WHERE ( isread = 0 and to_id = 1 ) LIMIT 1   [ RunTime:0.0003s ]
INFO: [ app_end ] --START--
INFO: Run Behavior\ShowPageTraceBehavior [ RunTime:0.000604s ]
INFO: [ app_end ] --END-- [ RunTime:0.000663s ]

[ 2016-08-18T00:00:18+08:00 ] 127.0.0.1 /index.php/Admin/Email/getMsgCount.html
INFO: [ app_begin ] --START--
INFO: Run Behavior\ReadHtmlCacheBehavior [ RunTime:0.000528s ]
INFO: [ app_begin ] --END-- [ RunTime:0.000596s ]
SQL: SHOW COLUMNS FROM `tp_email` [ RunTime:0.0027s ]
SQL: SELECT COUNT(*) AS tp_count FROM `tp_email` WHERE ( isread = 0 and to_id = 1 ) LIMIT 1   [ RunTime:0.0005s ]
INFO: [ app_end ] --START--
INFO: Run Behavior\ShowPageTraceBehavior [ RunTime:0.000669s ]
INFO: [ app_end ] --END-- [ RunTime:0.000779s ]

[ 2016-08-18T00:00:21+08:00 ] 127.0.0.1 /index.php/Admin/Email/getMsgCount.html
INFO: [ app_begin ] --START--
INFO: Run Behavior\ReadHtmlCacheBehavior [ RunTime:0.000484s ]
INFO: [ app_begin ] --END-- [ RunTime:0.000544s ]
SQL: SHOW COLUMNS FROM `tp_email` [ RunTime:0.0083s ]
SQL: SELECT COUNT(*) AS tp_count FROM `tp_email` WHERE ( isread = 0 and to_id = 1 ) LIMIT 1   [ RunTime:0.0008s ]
INFO: [ app_end ] --START--
INFO: Run Behavior\ShowPageTraceBehavior [ RunTime:0.001683s ]
INFO: [ app_end ] --END-- [ RunTime:0.001861s ]

[ 2016-08-18T00:00:24+08:00 ] 127.0.0.1 /index.php/Admin/Email/getMsgCount.html
INFO: [ app_begin ] --START--
INFO: Run Behavior\ReadHtmlCacheBehavior [ RunTime:0.000572s ]
INFO: [ app_begin ] --END-- [ RunTime:0.000646s ]
SQL: SHOW COLUMNS FROM `tp_email` [ RunTime:0.0069s ]
SQL: SELECT COUNT(*) AS tp_count FROM `tp_email` WHERE ( isread = 0 and to_id = 1 ) LIMIT 1   [ RunTime:0.0006s ]
INFO: [ app_end ] --START--
INFO: Run Behavior\ShowPageTraceBehavior [ RunTime:0.001272s ]
INFO: [ app_end ] --END-- [ RunTime:0.001414s ]

[ 2016-08-18T00:00:27+08:00 ] 127.0.0.1 /index.php/Admin/Email/getMsgCount.html
INFO: [ app_begin ] --START--
INFO: Run Behavior\ReadHtmlCacheBehavior [ RunTime:0.000455s ]
INFO: [ app_begin ] --END-- [ RunTime:0.000511s ]
SQL: SHOW COLUMNS FROM `tp_email` [ RunTime:0.0028s ]
SQL: SELECT COUNT(*) AS tp_count FROM `tp_email` WHERE ( isread = 0 and to_id = 1 ) LIMIT 1   [ RunTime:0.0003s ]
INFO: [ app_end ] --START--
INFO: Run Behavior\ShowPageTraceBehavior [ RunTime:0.000571s ]
INFO: [ app_end ] --END-- [ RunTime:0.000630s ]

[ 2016-08-18T00:00:30+08:00 ] 127.0.0.1 /index.php/Admin/Email/getMsgCount.html
INFO: [ app_begin ] --START--
INFO: Run Behavior\ReadHtmlCacheBehavior [ RunTime:0.000491s ]
INFO: [ app_begin ] --END-- [ RunTime:0.000550s ]
SQL: SHOW COLUMNS FROM `tp_email` [ RunTime:0.0045s ]
SQL: SELECT COUNT(*) AS tp_count FROM `tp_email` WHERE ( isread = 0 and to_id = 1 ) LIMIT 1   [ RunTime:0.0004s ]
INFO: [ app_end ] --START--
INFO: Run Behavior\ShowPageTraceBehavior [ RunTime:0.000926s ]
INFO: [ app_end ] --END-- [ RunTime:0.001026s ]

[ 2016-08-18T00:00:33+08:00 ] 127.0.0.1 /index.php/Admin/Email/getMsgCount.html
INFO: [ app_begin ] --START--
INFO: Run Behavior\ReadHtmlCacheBehavior [ RunTime:0.000835s ]
INFO: [ app_begin ] --END-- [ RunTime:0.000936s ]
SQL: SHOW COLUMNS FROM `tp_email` [ RunTime:0.0037s ]
SQL: SELECT COUNT(*) AS tp_count FROM `tp_email` WHERE ( isread = 0 and to_id = 1 ) LIMIT 1   [ RunTime:0.0003s ]
INFO: [ app_end ] --START--
INFO: Run Behavior\ShowPageTraceBehavior [ RunTime:0.000590s ]
INFO: [ app_end ] --END-- [ RunTime:0.000650s ]

[ 2016-08-18T00:00:36+08:00 ] 127.0.0.1 /index.php/Admin/Email/getMsgCount.html
INFO: [ app_begin ] --START--
INFO: Run Behavior\ReadHtmlCacheBehavior [ RunTime:0.000500s ]
INFO: [ app_begin ] --END-- [ RunTime:0.000561s ]
SQL: SHOW COLUMNS FROM `tp_email` [ RunTime:0.0031s ]
SQL: SELECT COUNT(*) AS tp_count FROM `tp_email` WHERE ( isread = 0 and to_id = 1 ) LIMIT 1   [ RunTime:0.0003s ]
INFO: [ app_end ] --START--
INFO: Run Behavior\ShowPageTraceBehavior [ RunTime:0.000825s ]
INFO: [ app_end ] --END-- [ RunTime:0.000896s ]

[ 2016-08-18T00:00:39+08:00 ] 127.0.0.1 /index.php/Admin/Email/getMsgCount.html
INFO: [ app_begin ] --START--
INFO: Run Behavior\ReadHtmlCacheBehavior [ RunTime:0.000745s ]
INFO: [ app_begin ] --END-- [ RunTime:0.000841s ]
SQL: SHOW COLUMNS FROM `tp_email` [ RunTime:0.0044s ]
SQL: SELECT COUNT(*) AS tp_count FROM `tp_email` WHERE ( isread = 0 and to_id = 1 ) LIMIT 1   [ RunTime:0.0010s ]
INFO: [ app_end ] --START--
INFO: Run Behavior\ShowPageTraceBehavior [ RunTime:0.001238s ]
INFO: [ app_end ] --END-- [ RunTime:0.001341s ]

[ 2016-08-18T00:00:42+08:00 ] 127.0.0.1 /index.php/Admin/Email/getMsgCount.html
INFO: [ app_begin ] --START--
INFO: Run Behavior\ReadHtmlCacheBehavior [ RunTime:0.000999s ]
INFO: [ app_begin ] --END-- [ RunTime:0.001229s ]
SQL: SHOW COLUMNS FROM `tp_email` [ RunTime:0.0044s ]
SQL: SELECT COUNT(*) AS tp_count FROM `tp_email` WHERE ( isread = 0 and to_id = 1 ) LIMIT 1   [ RunTime:0.0004s ]
INFO: [ app_end ] --START--
INFO: Run Behavior\ShowPageTraceBehavior [ RunTime:0.000861s ]
INFO: [ app_end ] --END-- [ RunTime:0.000960s ]

[ 2016-08-18T00:00:45+08:00 ] 127.0.0.1 /index.php/Admin/Email/getMsgCount.html
INFO: [ app_begin ] --START--
INFO: Run Behavior\ReadHtmlCacheBehavior [ RunTime:0.000831s ]
INFO: [ app_begin ] --END-- [ RunTime:0.000942s ]
SQL: SHOW COLUMNS FROM `tp_email` [ RunTime:0.0064s ]
SQL: SELECT COUNT(*) AS tp_count FROM `tp_email` WHERE ( isread = 0 and to_id = 1 ) LIMIT 1   [ RunTime:0.0006s ]
INFO: [ app_end ] --START--
INFO: Run Behavior\ShowPageTraceBehavior [ RunTime:0.001258s ]
INFO: [ app_end ] --END-- [ RunTime:0.001391s ]

[ 2016-08-18T00:00:48+08:00 ] 127.0.0.1 /index.php/Admin/Email/getMsgCount.html
INFO: [ app_begin ] --START--
INFO: Run Behavior\ReadHtmlCacheBehavior [ RunTime:0.000807s ]
INFO: [ app_begin ] --END-- [ RunTime:0.000903s ]
SQL: SHOW COLUMNS FROM `tp_email` [ RunTime:0.0172s ]
SQL: SELECT COUNT(*) AS tp_count FROM `tp_email` WHERE ( isread = 0 and to_id = 1 ) LIMIT 1   [ RunTime:0.0005s ]
INFO: [ app_end ] --START--
INFO: Run Behavior\ShowPageTraceBehavior [ RunTime:0.000970s ]
INFO: [ app_end ] --END-- [ RunTime:0.001085s ]

[ 2016-08-18T00:00:51+08:00 ] 127.0.0.1 /index.php/Admin/Email/getMsgCount.html
INFO: [ app_begin ] --START--
INFO: Run Behavior\ReadHtmlCacheBehavior [ RunTime:0.000507s ]
INFO: [ app_begin ] --END-- [ RunTime:0.000563s ]
SQL: SHOW COLUMNS FROM `tp_email` [ RunTime:0.0062s ]
SQL: SELECT COUNT(*) AS tp_count FROM `tp_email` WHERE ( isread = 0 and to_id = 1 ) LIMIT 1   [ RunTime:0.0005s ]
INFO: [ app_end ] --START--
INFO: Run Behavior\ShowPageTraceBehavior [ RunTime:0.001269s ]
INFO: [ app_end ] --END-- [ RunTime:0.001403s ]

[ 2016-08-18T00:00:54+08:00 ] 127.0.0.1 /index.php/Admin/Email/getMsgCount.html
INFO: [ app_begin ] --START--
INFO: Run Behavior\ReadHtmlCacheBehavior [ RunTime:0.000516s ]
INFO: [ app_begin ] --END-- [ RunTime:0.000577s ]
SQL: SHOW COLUMNS FROM `tp_email` [ RunTime:0.0049s ]
SQL: SELECT COUNT(*) AS tp_count FROM `tp_email` WHERE ( isread = 0 and to_id = 1 ) LIMIT 1   [ RunTime:0.0006s ]
INFO: [ app_end ] --START--
INFO: Run Behavior\ShowPageTraceBehavior [ RunTime:0.001014s ]
INFO: [ app_end ] --END-- [ RunTime:0.001121s ]

[ 2016-08-18T00:00:57+08:00 ] 127.0.0.1 /index.php/Admin/Email/getMsgCount.html
INFO: [ app_begin ] --START--
INFO: Run Behavior\ReadHtmlCacheBehavior [ RunTime:0.000755s ]
INFO: [ app_begin ] --END-- [ RunTime:0.000839s ]
SQL: SHOW COLUMNS FROM `tp_email` [ RunTime:0.0087s ]
SQL: SELECT COUNT(*) AS tp_count FROM `tp_email` WHERE ( isread = 0 and to_id = 1 ) LIMIT 1   [ RunTime:0.0011s ]
INFO: [ app_end ] --START--
INFO: Run Behavior\ShowPageTraceBehavior [ RunTime:0.001412s ]
INFO: [ app_end ] --END-- [ RunTime:0.001593s ]

[ 2016-08-18T00:01:00+08:00 ] 127.0.0.1 /index.php/Admin/Email/getMsgCount.html
INFO: [ app_begin ] --START--
INFO: Run Behavior\ReadHtmlCacheBehavior [ RunTime:0.000877s ]
INFO: [ app_begin ] --END-- [ RunTime:0.000986s ]
SQL: SHOW COLUMNS FROM `tp_email` [ RunTime:0.0033s ]
SQL: SELECT COUNT(*) AS tp_count FROM `tp_email` WHERE ( isread = 0 and to_id = 1 ) LIMIT 1   [ RunTime:0.0005s ]
INFO: [ app_end ] --START--
INFO: Run Behavior\ShowPageTraceBehavior [ RunTime:0.000964s ]
INFO: [ app_end ] --END-- [ RunTime:0.001058s ]

[ 2016-08-18T00:01:03+08:00 ] 127.0.0.1 /index.php/Admin/Email/getMsgCount.html
INFO: [ app_begin ] --START--
INFO: Run Behavior\ReadHtmlCacheBehavior [ RunTime:0.000423s ]
INFO: [ app_begin ] --END-- [ RunTime:0.000493s ]
SQL: SHOW COLUMNS FROM `tp_email` [ RunTime:0.0096s ]
SQL: SELECT COUNT(*) AS tp_count FROM `tp_email` WHERE ( isread = 0 and to_id = 1 ) LIMIT 1   [ RunTime:0.0007s ]
INFO: [ app_end ] --START--
INFO: Run Behavior\ShowPageTraceBehavior [ RunTime:0.001780s ]
INFO: [ app_end ] --END-- [ RunTime:0.001976s ]

[ 2016-08-18T00:01:06+08:00 ] 127.0.0.1 /index.php/Admin/Email/getMsgCount.html
INFO: [ app_begin ] --START--
INFO: Run Behavior\ReadHtmlCacheBehavior [ RunTime:0.000454s ]
INFO: [ app_begin ] --END-- [ RunTime:0.000508s ]
SQL: SHOW COLUMNS FROM `tp_email` [ RunTime:0.0028s ]
SQL: SELECT COUNT(*) AS tp_count FROM `tp_email` WHERE ( isread = 0 and to_id = 1 ) LIMIT 1   [ RunTime:0.0003s ]
INFO: [ app_end ] --START--
INFO: Run Behavior\ShowPageTraceBehavior [ RunTime:0.000564s ]
INFO: [ app_end ] --END-- [ RunTime:0.000626s ]

[ 2016-08-18T00:01:09+08:00 ] 127.0.0.1 /index.php/Admin/Email/getMsgCount.html
INFO: [ app_begin ] --START--
INFO: Run Behavior\ReadHtmlCacheBehavior [ RunTime:0.000455s ]
INFO: [ app_begin ] --END-- [ RunTime:0.000511s ]
SQL: SHOW COLUMNS FROM `tp_email` [ RunTime:0.0047s ]
SQL: SELECT COUNT(*) AS tp_count FROM `tp_email` WHERE ( isread = 0 and to_id = 1 ) LIMIT 1   [ RunTime:0.0007s ]
INFO: [ app_end ] --START--
INFO: Run Behavior\ShowPageTraceBehavior [ RunTime:0.000611s ]
INFO: [ app_end ] --END-- [ RunTime:0.000675s ]

[ 2016-08-18T00:01:12+08:00 ] 127.0.0.1 /index.php/Admin/Email/getMsgCount.html
INFO: [ app_begin ] --START--
INFO: Run Behavior\ReadHtmlCacheBehavior [ RunTime:0.000997s ]
INFO: [ app_begin ] --END-- [ RunTime:0.001128s ]
SQL: SHOW COLUMNS FROM `tp_email` [ RunTime:0.0083s ]
SQL: SELECT COUNT(*) AS tp_count FROM `tp_email` WHERE ( isread = 0 and to_id = 1 ) LIMIT 1   [ RunTime:0.0007s ]
INFO: [ app_end ] --START--
INFO: Run Behavior\ShowPageTraceBehavior [ RunTime:0.001642s ]
INFO: [ app_end ] --END-- [ RunTime:0.001820s ]

[ 2016-08-18T00:01:15+08:00 ] 127.0.0.1 /index.php/Admin/Email/getMsgCount.html
INFO: [ app_begin ] --START--
INFO: Run Behavior\ReadHtmlCacheBehavior [ RunTime:0.001039s ]
INFO: [ app_begin ] --END-- [ RunTime:0.001173s ]
SQL: SHOW COLUMNS FROM `tp_email` [ RunTime:0.0065s ]
SQL: SELECT COUNT(*) AS tp_count FROM `tp_email` WHERE ( isread = 0 and to_id = 1 ) LIMIT 1   [ RunTime:0.0005s ]
INFO: [ app_end ] --START--
INFO: Run Behavior\ShowPageTraceBehavior [ RunTime:0.001283s ]
INFO: [ app_end ] --END-- [ RunTime:0.001415s ]

[ 2016-08-18T00:01:18+08:00 ] 127.0.0.1 /index.php/Admin/Email/getMsgCount.html
INFO: [ app_begin ] --START--
INFO: Run Behavior\ReadHtmlCacheBehavior [ RunTime:0.000899s ]
INFO: [ app_begin ] --END-- [ RunTime:0.001013s ]
SQL: SHOW COLUMNS FROM `tp_email` [ RunTime:0.0028s ]
SQL: SELECT COUNT(*) AS tp_count FROM `tp_email` WHERE ( isread = 0 and to_id = 1 ) LIMIT 1   [ RunTime:0.0002s ]
INFO: [ app_end ] --START--
INFO: Run Behavior\ShowPageTraceBehavior [ RunTime:0.000578s ]
INFO: [ app_end ] --END-- [ RunTime:0.000632s ]

[ 2016-08-18T00:01:21+08:00 ] 127.0.0.1 /index.php/Admin/Email/getMsgCount.html
INFO: [ app_begin ] --START--
INFO: Run Behavior\ReadHtmlCacheBehavior [ RunTime:0.000421s ]
INFO: [ app_begin ] --END-- [ RunTime:0.000475s ]
SQL: SHOW COLUMNS FROM `tp_email` [ RunTime:0.0102s ]
SQL: SELECT COUNT(*) AS tp_count FROM `tp_email` WHERE ( isread = 0 and to_id = 1 ) LIMIT 1   [ RunTime:0.0008s ]
INFO: [ app_end ] --START--
INFO: Run Behavior\ShowPageTraceBehavior [ RunTime:0.001699s ]
INFO: [ app_end ] --END-- [ RunTime:0.001893s ]

[ 2016-08-18T00:01:24+08:00 ] 127.0.0.1 /index.php/Admin/Email/getMsgCount.html
INFO: [ app_begin ] --START--
INFO: Run Behavior\ReadHtmlCacheBehavior [ RunTime:0.000448s ]
INFO: [ app_begin ] --END-- [ RunTime:0.000506s ]
SQL: SHOW COLUMNS FROM `tp_email` [ RunTime:0.0040s ]
SQL: SELECT COUNT(*) AS tp_count FROM `tp_email` WHERE ( isread = 0 and to_id = 1 ) LIMIT 1   [ RunTime:0.0003s ]
INFO: [ app_end ] --START--
INFO: Run Behavior\ShowPageTraceBehavior [ RunTime:0.000615s ]
INFO: [ app_end ] --END-- [ RunTime:0.000683s ]

[ 2016-08-18T00:01:27+08:00 ] 127.0.0.1 /index.php/Admin/Email/getMsgCount.html
INFO: [ app_begin ] --START--
INFO: Run Behavior\ReadHtmlCacheBehavior [ RunTime:0.001264s ]
INFO: [ app_begin ] --END-- [ RunTime:0.001399s ]
SQL: SHOW COLUMNS FROM `tp_email` [ RunTime:0.0078s ]
SQL: SELECT COUNT(*) AS tp_count FROM `tp_email` WHERE ( isread = 0 and to_id = 1 ) LIMIT 1   [ RunTime:0.0006s ]
INFO: [ app_end ] --START--
INFO: Run Behavior\ShowPageTraceBehavior [ RunTime:0.001617s ]
INFO: [ app_end ] --END-- [ RunTime:0.001779s ]

[ 2016-08-18T00:01:30+08:00 ] 127.0.0.1 /index.php/Admin/Email/getMsgCount.html
INFO: [ app_begin ] --START--
INFO: Run Behavior\ReadHtmlCacheBehavior [ RunTime:0.000445s ]
INFO: [ app_begin ] --END-- [ RunTime:0.000504s ]
SQL: SHOW COLUMNS FROM `tp_email` [ RunTime:0.0028s ]
SQL: SELECT COUNT(*) AS tp_count FROM `tp_email` WHERE ( isread = 0 and to_id = 1 ) LIMIT 1   [ RunTime:0.0003s ]
INFO: [ app_end ] --START--
INFO: Run Behavior\ShowPageTraceBehavior [ RunTime:0.000574s ]
INFO: [ app_end ] --END-- [ RunTime:0.000639s ]

[ 2016-08-18T00:01:33+08:00 ] 127.0.0.1 /index.php/Admin/Email/getMsgCount.html
INFO: [ app_begin ] --START--
INFO: Run Behavior\ReadHtmlCacheBehavior [ RunTime:0.000453s ]
INFO: [ app_begin ] --END-- [ RunTime:0.000513s ]
SQL: SHOW COLUMNS FROM `tp_email` [ RunTime:0.0100s ]
SQL: SELECT COUNT(*) AS tp_count FROM `tp_email` WHERE ( isread = 0 and to_id = 1 ) LIMIT 1   [ RunTime:0.0006s ]
INFO: [ app_end ] --START--
INFO: Run Behavior\ShowPageTraceBehavior [ RunTime:0.001386s ]
INFO: [ app_end ] --END-- [ RunTime:0.001530s ]

[ 2016-08-18T00:01:36+08:00 ] 127.0.0.1 /index.php/Admin/Email/getMsgCount.html
INFO: [ app_begin ] --START--
INFO: Run Behavior\ReadHtmlCacheBehavior [ RunTime:0.000465s ]
INFO: [ app_begin ] --END-- [ RunTime:0.000528s ]
SQL: SHOW COLUMNS FROM `tp_email` [ RunTime:0.0095s ]
SQL: SELECT COUNT(*) AS tp_count FROM `tp_email` WHERE ( isread = 0 and to_id = 1 ) LIMIT 1   [ RunTime:0.0006s ]
INFO: [ app_end ] --START--
INFO: Run Behavior\ShowPageTraceBehavior [ RunTime:0.001210s ]
INFO: [ app_end ] --END-- [ RunTime:0.001339s ]

[ 2016-08-18T00:01:39+08:00 ] 127.0.0.1 /index.php/Admin/Email/getMsgCount.html
INFO: [ app_begin ] --START--
INFO: Run Behavior\ReadHtmlCacheBehavior [ RunTime:0.000888s ]
INFO: [ app_begin ] --END-- [ RunTime:0.001000s ]
SQL: SHOW COLUMNS FROM `tp_email` [ RunTime:0.0052s ]
SQL: SELECT COUNT(*) AS tp_count FROM `tp_email` WHERE ( isread = 0 and to_id = 1 ) LIMIT 1   [ RunTime:0.0004s ]
INFO: [ app_end ] --START--
INFO: Run Behavior\ShowPageTraceBehavior [ RunTime:0.001365s ]
INFO: [ app_end ] --END-- [ RunTime:0.001562s ]

[ 2016-08-18T00:01:42+08:00 ] 127.0.0.1 /index.php/Admin/Email/getMsgCount.html
INFO: [ app_begin ] --START--
INFO: Run Behavior\ReadHtmlCacheBehavior [ RunTime:0.000477s ]
INFO: [ app_begin ] --END-- [ RunTime:0.000541s ]
SQL: SHOW COLUMNS FROM `tp_email` [ RunTime:0.0056s ]
SQL: SELECT COUNT(*) AS tp_count FROM `tp_email` WHERE ( isread = 0 and to_id = 1 ) LIMIT 1   [ RunTime:0.0004s ]
INFO: [ app_end ] --START--
INFO: Run Behavior\ShowPageTraceBehavior [ RunTime:0.001070s ]
INFO: [ app_end ] --END-- [ RunTime:0.001182s ]

[ 2016-08-18T00:01:45+08:00 ] 127.0.0.1 /index.php/Admin/Email/getMsgCount.html
INFO: [ app_begin ] --START--
INFO: Run Behavior\ReadHtmlCacheBehavior [ RunTime:0.000850s ]
INFO: [ app_begin ] --END-- [ RunTime:0.001007s ]
SQL: SHOW COLUMNS FROM `tp_email` [ RunTime:0.0028s ]
SQL: SELECT COUNT(*) AS tp_count FROM `tp_email` WHERE ( isread = 0 and to_id = 1 ) LIMIT 1   [ RunTime:0.0003s ]
INFO: [ app_end ] --START--
INFO: Run Behavior\ShowPageTraceBehavior [ RunTime:0.000557s ]
INFO: [ app_end ] --END-- [ RunTime:0.000617s ]

[ 2016-08-18T00:01:48+08:00 ] 127.0.0.1 /index.php/Admin/Email/getMsgCount.html
INFO: [ app_begin ] --START--
INFO: Run Behavior\ReadHtmlCacheBehavior [ RunTime:0.000636s ]
INFO: [ app_begin ] --END-- [ RunTime:0.000718s ]
SQL: SHOW COLUMNS FROM `tp_email` [ RunTime:0.0053s ]
SQL: SELECT COUNT(*) AS tp_count FROM `tp_email` WHERE ( isread = 0 and to_id = 1 ) LIMIT 1   [ RunTime:0.0005s ]
INFO: [ app_end ] --START--
INFO: Run Behavior\ShowPageTraceBehavior [ RunTime:0.000963s ]
INFO: [ app_end ] --END-- [ RunTime:0.001072s ]

[ 2016-08-18T00:01:48+08:00 ] 127.0.0.1 /index.php/Admin/Email/getMsgCount.html
INFO: [ app_begin ] --START--
INFO: Run Behavior\ReadHtmlCacheBehavior [ RunTime:0.000535s ]
INFO: [ app_begin ] --END-- [ RunTime:0.000600s ]
SQL: SHOW COLUMNS FROM `tp_email` [ RunTime:0.0032s ]
SQL: SELECT COUNT(*) AS tp_count FROM `tp_email` WHERE ( isread = 0 and to_id = 6 ) LIMIT 1   [ RunTime:0.0003s ]
INFO: [ app_end ] --START--
INFO: Run Behavior\ShowPageTraceBehavior [ RunTime:0.000624s ]
INFO: [ app_end ] --END-- [ RunTime:0.000698s ]

[ 2016-08-18T00:01:51+08:00 ] 127.0.0.1 /index.php/Admin/Email/getMsgCount.html
INFO: [ app_begin ] --START--
INFO: Run Behavior\ReadHtmlCacheBehavior [ RunTime:0.000448s ]
INFO: [ app_begin ] --END-- [ RunTime:0.000513s ]
SQL: SHOW COLUMNS FROM `tp_email` [ RunTime:0.0079s ]
SQL: SELECT COUNT(*) AS tp_count FROM `tp_email` WHERE ( isread = 0 and to_id = 1 ) LIMIT 1   [ RunTime:0.0005s ]
INFO: [ app_end ] --START--
INFO: Run Behavior\ShowPageTraceBehavior [ RunTime:0.000957s ]
INFO: [ app_end ] --END-- [ RunTime:0.001063s ]

[ 2016-08-18T00:01:51+08:00 ] 127.0.0.1 /index.php/Admin/Email/getMsgCount.html
INFO: [ app_begin ] --START--
INFO: Run Behavior\ReadHtmlCacheBehavior [ RunTime:0.000783s ]
INFO: [ app_begin ] --END-- [ RunTime:0.000878s ]
SQL: SHOW COLUMNS FROM `tp_email` [ RunTime:0.0083s ]
SQL: SELECT COUNT(*) AS tp_count FROM `tp_email` WHERE ( isread = 0 and to_id = 6 ) LIMIT 1   [ RunTime:0.0008s ]
INFO: [ app_end ] --START--
INFO: Run Behavior\ShowPageTraceBehavior [ RunTime:0.002213s ]
INFO: [ app_end ] --END-- [ RunTime:0.002348s ]

[ 2016-08-18T00:01:54+08:00 ] 127.0.0.1 /index.php/Admin/Email/getMsgCount.html
INFO: [ app_begin ] --START--
INFO: Run Behavior\ReadHtmlCacheBehavior [ RunTime:0.000467s ]
INFO: [ app_begin ] --END-- [ RunTime:0.000523s ]
SQL: SHOW COLUMNS FROM `tp_email` [ RunTime:0.0096s ]
SQL: SELECT COUNT(*) AS tp_count FROM `tp_email` WHERE ( isread = 0 and to_id = 1 ) LIMIT 1   [ RunTime:0.0019s ]
INFO: [ app_end ] --START--
INFO: Run Behavior\ShowPageTraceBehavior [ RunTime:0.001676s ]
INFO: [ app_end ] --END-- [ RunTime:0.001869s ]

[ 2016-08-18T00:01:54+08:00 ] 127.0.0.1 /index.php/Admin/Email/getMsgCount.html
INFO: [ app_begin ] --START--
INFO: Run Behavior\ReadHtmlCacheBehavior [ RunTime:0.000437s ]
INFO: [ app_begin ] --END-- [ RunTime:0.000491s ]
SQL: SHOW COLUMNS FROM `tp_email` [ RunTime:0.0031s ]
SQL: SELECT COUNT(*) AS tp_count FROM `tp_email` WHERE ( isread = 0 and to_id = 6 ) LIMIT 1   [ RunTime:0.0004s ]
INFO: [ app_end ] --START--
INFO: Run Behavior\ShowPageTraceBehavior [ RunTime:0.000596s ]
INFO: [ app_end ] --END-- [ RunTime:0.000660s ]

[ 2016-08-18T00:01:57+08:00 ] 127.0.0.1 /index.php/Admin/Email/getMsgCount.html
INFO: [ app_begin ] --START--
INFO: Run Behavior\ReadHtmlCacheBehavior [ RunTime:0.000545s ]
INFO: [ app_begin ] --END-- [ RunTime:0.000620s ]
SQL: SHOW COLUMNS FROM `tp_email` [ RunTime:0.0059s ]
SQL: SELECT COUNT(*) AS tp_count FROM `tp_email` WHERE ( isread = 0 and to_id = 1 ) LIMIT 1   [ RunTime:0.0005s ]
INFO: [ app_end ] --START--
INFO: Run Behavior\ShowPageTraceBehavior [ RunTime:0.001124s ]
INFO: [ app_end ] --END-- [ RunTime:0.001243s ]

[ 2016-08-18T00:01:57+08:00 ] 127.0.0.1 /index.php/Admin/Email/getMsgCount.html
INFO: [ app_begin ] --START--
INFO: Run Behavior\ReadHtmlCacheBehavior [ RunTime:0.000463s ]
INFO: [ app_begin ] --END-- [ RunTime:0.000531s ]
SQL: SHOW COLUMNS FROM `tp_email` [ RunTime:0.0030s ]
SQL: SELECT COUNT(*) AS tp_count FROM `tp_email` WHERE ( isread = 0 and to_id = 6 ) LIMIT 1   [ RunTime:0.0003s ]
INFO: [ app_end ] --START--
INFO: Run Behavior\ShowPageTraceBehavior [ RunTime:0.000932s ]
INFO: [ app_end ] --END-- [ RunTime:0.001047s ]

[ 2016-08-18T00:02:00+08:00 ] 127.0.0.1 /index.php/Admin/Email/getMsgCount.html
INFO: [ app_begin ] --START--
INFO: Run Behavior\ReadHtmlCacheBehavior [ RunTime:0.000477s ]
INFO: [ app_begin ] --END-- [ RunTime:0.000535s ]
SQL: SHOW COLUMNS FROM `tp_email` [ RunTime:0.0056s ]
SQL: SELECT COUNT(*) AS tp_count FROM `tp_email` WHERE ( isread = 0 and to_id = 1 ) LIMIT 1   [ RunTime:0.0005s ]
INFO: [ app_end ] --START--
INFO: Run Behavior\ShowPageTraceBehavior [ RunTime:0.001075s ]
INFO: [ app_end ] --END-- [ RunTime:0.001191s ]

[ 2016-08-18T00:02:00+08:00 ] 127.0.0.1 /index.php/Admin/Email/getMsgCount.html
INFO: [ app_begin ] --START--
INFO: Run Behavior\ReadHtmlCacheBehavior [ RunTime:0.000417s ]
INFO: [ app_begin ] --END-- [ RunTime:0.000469s ]
SQL: SHOW COLUMNS FROM `tp_email` [ RunTime:0.0075s ]
SQL: SELECT COUNT(*) AS tp_count FROM `tp_email` WHERE ( isread = 0 and to_id = 6 ) LIMIT 1   [ RunTime:0.0007s ]
INFO: [ app_end ] --START--
INFO: Run Behavior\ShowPageTraceBehavior [ RunTime:0.001437s ]
INFO: [ app_end ] --END-- [ RunTime:0.001598s ]

[ 2016-08-18T00:02:03+08:00 ] 127.0.0.1 /index.php/Admin/Email/getMsgCount.html
INFO: [ app_begin ] --START--
INFO: Run Behavior\ReadHtmlCacheBehavior [ RunTime:0.000918s ]
INFO: [ app_begin ] --END-- [ RunTime:0.001044s ]
SQL: SHOW COLUMNS FROM `tp_email` [ RunTime:0.0102s ]
SQL: SELECT COUNT(*) AS tp_count FROM `tp_email` WHERE ( isread = 0 and to_id = 1 ) LIMIT 1   [ RunTime:0.0012s ]
INFO: [ app_end ] --START--
INFO: Run Behavior\ShowPageTraceBehavior [ RunTime:0.002335s ]
INFO: [ app_end ] --END-- [ RunTime:0.002629s ]

[ 2016-08-18T00:02:03+08:00 ] 127.0.0.1 /index.php/Admin/Email/getMsgCount.html
INFO: [ app_begin ] --START--
INFO: Run Behavior\ReadHtmlCacheBehavior [ RunTime:0.001639s ]
INFO: [ app_begin ] --END-- [ RunTime:0.001731s ]
SQL: SHOW COLUMNS FROM `tp_email` [ RunTime:0.0027s ]
SQL: SELECT COUNT(*) AS tp_count FROM `tp_email` WHERE ( isread = 0 and to_id = 6 ) LIMIT 1   [ RunTime:0.0005s ]
INFO: [ app_end ] --START--
INFO: Run Behavior\ShowPageTraceBehavior [ RunTime:0.000625s ]
INFO: [ app_end ] --END-- [ RunTime:0.000690s ]

[ 2016-08-18T00:02:06+08:00 ] 127.0.0.1 /index.php/Admin/Email/getMsgCount.html
INFO: [ app_begin ] --START--
INFO: Run Behavior\ReadHtmlCacheBehavior [ RunTime:0.000726s ]
INFO: [ app_begin ] --END-- [ RunTime:0.000818s ]
SQL: SHOW COLUMNS FROM `tp_email` [ RunTime:0.0053s ]
SQL: SELECT COUNT(*) AS tp_count FROM `tp_email` WHERE ( isread = 0 and to_id = 1 ) LIMIT 1   [ RunTime:0.0005s ]
INFO: [ app_end ] --START--
INFO: Run Behavior\ShowPageTraceBehavior [ RunTime:0.001100s ]
INFO: [ app_end ] --END-- [ RunTime:0.001218s ]

[ 2016-08-18T00:02:06+08:00 ] 127.0.0.1 /index.php/Admin/Email/getMsgCount.html
INFO: [ app_begin ] --START--
INFO: Run Behavior\ReadHtmlCacheBehavior [ RunTime:0.000419s ]
INFO: [ app_begin ] --END-- [ RunTime:0.000474s ]
SQL: SHOW COLUMNS FROM `tp_email` [ RunTime:0.0055s ]
SQL: SELECT COUNT(*) AS tp_count FROM `tp_email` WHERE ( isread = 0 and to_id = 6 ) LIMIT 1   [ RunTime:0.0005s ]
INFO: [ app_end ] --START--
INFO: Run Behavior\ShowPageTraceBehavior [ RunTime:0.001031s ]
INFO: [ app_end ] --END-- [ RunTime:0.001146s ]

[ 2016-08-18T00:02:09+08:00 ] 127.0.0.1 /index.php/Admin/Email/getMsgCount.html
INFO: [ app_begin ] --START--
INFO: Run Behavior\ReadHtmlCacheBehavior [ RunTime:0.000490s ]
INFO: [ app_begin ] --END-- [ RunTime:0.000553s ]
SQL: SHOW COLUMNS FROM `tp_email` [ RunTime:0.0051s ]
SQL: SELECT COUNT(*) AS tp_count FROM `tp_email` WHERE ( isread = 0 and to_id = 1 ) LIMIT 1   [ RunTime:0.0004s ]
INFO: [ app_end ] --START--
INFO: Run Behavior\ShowPageTraceBehavior [ RunTime:0.001076s ]
INFO: [ app_end ] --END-- [ RunTime:0.001194s ]

[ 2016-08-18T00:02:09+08:00 ] 127.0.0.1 /index.php/Admin/Email/getMsgCount.html
INFO: [ app_begin ] --START--
INFO: Run Behavior\ReadHtmlCacheBehavior [ RunTime:0.001668s ]
INFO: [ app_begin ] --END-- [ RunTime:0.001788s ]
SQL: SHOW COLUMNS FROM `tp_email` [ RunTime:0.0030s ]
SQL: SELECT COUNT(*) AS tp_count FROM `tp_email` WHERE ( isread = 0 and to_id = 6 ) LIMIT 1   [ RunTime:0.0004s ]
INFO: [ app_end ] --START--
INFO: Run Behavior\ShowPageTraceBehavior [ RunTime:0.000607s ]
INFO: [ app_end ] --END-- [ RunTime:0.000672s ]

[ 2016-08-18T00:02:12+08:00 ] 127.0.0.1 /index.php/Admin/Email/getMsgCount.html
INFO: [ app_begin ] --START--
INFO: Run Behavior\ReadHtmlCacheBehavior [ RunTime:0.000482s ]
INFO: [ app_begin ] --END-- [ RunTime:0.000538s ]
SQL: SHOW COLUMNS FROM `tp_email` [ RunTime:0.0062s ]
SQL: SELECT COUNT(*) AS tp_count FROM `tp_email` WHERE ( isread = 0 and to_id = 1 ) LIMIT 1   [ RunTime:0.0011s ]
INFO: [ app_end ] --START--
INFO: Run Behavior\ShowPageTraceBehavior [ RunTime:0.001267s ]
INFO: [ app_end ] --END-- [ RunTime:0.001418s ]

[ 2016-08-18T00:02:12+08:00 ] 127.0.0.1 /index.php/Admin/Email/getMsgCount.html
INFO: [ app_begin ] --START--
INFO: Run Behavior\ReadHtmlCacheBehavior [ RunTime:0.000522s ]
INFO: [ app_begin ] --END-- [ RunTime:0.000584s ]
SQL: SHOW COLUMNS FROM `tp_email` [ RunTime:0.0049s ]
SQL: SELECT COUNT(*) AS tp_count FROM `tp_email` WHERE ( isread = 0 and to_id = 6 ) LIMIT 1   [ RunTime:0.0004s ]
INFO: [ app_end ] --START--
INFO: Run Behavior\ShowPageTraceBehavior [ RunTime:0.000934s ]
INFO: [ app_end ] --END-- [ RunTime:0.001038s ]

[ 2016-08-18T00:02:15+08:00 ] 127.0.0.1 /index.php/Admin/Email/getMsgCount.html
INFO: [ app_begin ] --START--
INFO: Run Behavior\ReadHtmlCacheBehavior [ RunTime:0.000900s ]
INFO: [ app_begin ] --END-- [ RunTime:0.001015s ]
SQL: SHOW COLUMNS FROM `tp_email` [ RunTime:0.0096s ]
SQL: SELECT COUNT(*) AS tp_count FROM `tp_email` WHERE ( isread = 0 and to_id = 1 ) LIMIT 1   [ RunTime:0.0008s ]
INFO: [ app_end ] --START--
INFO: Run Behavior\ShowPageTraceBehavior [ RunTime:0.001642s ]
INFO: [ app_end ] --END-- [ RunTime:0.001785s ]

[ 2016-08-18T00:02:15+08:00 ] 127.0.0.1 /index.php/Admin/Email/getMsgCount.html
INFO: [ app_begin ] --START--
INFO: Run Behavior\ReadHtmlCacheBehavior [ RunTime:0.001000s ]
INFO: [ app_begin ] --END-- [ RunTime:0.001130s ]
SQL: SHOW COLUMNS FROM `tp_email` [ RunTime:0.0088s ]
SQL: SELECT COUNT(*) AS tp_count FROM `tp_email` WHERE ( isread = 0 and to_id = 6 ) LIMIT 1   [ RunTime:0.0006s ]
INFO: [ app_end ] --START--
INFO: Run Behavior\ShowPageTraceBehavior [ RunTime:0.001289s ]
INFO: [ app_end ] --END-- [ RunTime:0.001433s ]

[ 2016-08-18T00:02:18+08:00 ] 127.0.0.1 /index.php/Admin/Email/getMsgCount.html
INFO: [ app_begin ] --START--
INFO: Run Behavior\ReadHtmlCacheBehavior [ RunTime:0.000783s ]
INFO: [ app_begin ] --END-- [ RunTime:0.000867s ]
SQL: SHOW COLUMNS FROM `tp_email` [ RunTime:0.0048s ]
SQL: SELECT COUNT(*) AS tp_count FROM `tp_email` WHERE ( isread = 0 and to_id = 1 ) LIMIT 1   [ RunTime:0.0008s ]
INFO: [ app_end ] --START--
INFO: Run Behavior\ShowPageTraceBehavior [ RunTime:0.001129s ]
INFO: [ app_end ] --END-- [ RunTime:0.001358s ]

[ 2016-08-18T00:02:18+08:00 ] 127.0.0.1 /index.php/Admin/Email/getMsgCount.html
INFO: [ app_begin ] --START--
INFO: Run Behavior\ReadHtmlCacheBehavior [ RunTime:0.000905s ]
INFO: [ app_begin ] --END-- [ RunTime:0.001028s ]
SQL: SHOW COLUMNS FROM `tp_email` [ RunTime:0.0095s ]
SQL: SELECT COUNT(*) AS tp_count FROM `tp_email` WHERE ( isread = 0 and to_id = 6 ) LIMIT 1   [ RunTime:0.0007s ]
INFO: [ app_end ] --START--
INFO: Run Behavior\ShowPageTraceBehavior [ RunTime:0.001667s ]
INFO: [ app_end ] --END-- [ RunTime:0.001850s ]

[ 2016-08-18T00:02:21+08:00 ] 127.0.0.1 /index.php/Admin/Email/getMsgCount.html
INFO: [ app_begin ] --START--
INFO: Run Behavior\ReadHtmlCacheBehavior [ RunTime:0.000421s ]
INFO: [ app_begin ] --END-- [ RunTime:0.000476s ]
SQL: SHOW COLUMNS FROM `tp_email` [ RunTime:0.0104s ]
SQL: SELECT COUNT(*) AS tp_count FROM `tp_email` WHERE ( isread = 0 and to_id = 1 ) LIMIT 1   [ RunTime:0.0009s ]
INFO: [ app_end ] --START--
INFO: Run Behavior\ShowPageTraceBehavior [ RunTime:0.001689s ]
INFO: [ app_end ] --END-- [ RunTime:0.001870s ]

[ 2016-08-18T00:02:21+08:00 ] 127.0.0.1 /index.php/Admin/Email/getMsgCount.html
INFO: [ app_begin ] --START--
INFO: Run Behavior\ReadHtmlCacheBehavior [ RunTime:0.000465s ]
INFO: [ app_begin ] --END-- [ RunTime:0.000540s ]
SQL: SHOW COLUMNS FROM `tp_email` [ RunTime:0.0087s ]
SQL: SELECT COUNT(*) AS tp_count FROM `tp_email` WHERE ( isread = 0 and to_id = 6 ) LIMIT 1   [ RunTime:0.0011s ]
INFO: [ app_end ] --START--
INFO: Run Behavior\ShowPageTraceBehavior [ RunTime:0.001659s ]
INFO: [ app_end ] --END-- [ RunTime:0.001843s ]

[ 2016-08-18T00:02:24+08:00 ] 127.0.0.1 /index.php/Admin/Email/getMsgCount.html
INFO: [ app_begin ] --START--
INFO: Run Behavior\ReadHtmlCacheBehavior [ RunTime:0.000643s ]
INFO: [ app_begin ] --END-- [ RunTime:0.000724s ]
SQL: SHOW COLUMNS FROM `tp_email` [ RunTime:0.0052s ]
SQL: SELECT COUNT(*) AS tp_count FROM `tp_email` WHERE ( isread = 0 and to_id = 1 ) LIMIT 1   [ RunTime:0.0004s ]
INFO: [ app_end ] --START--
INFO: Run Behavior\ShowPageTraceBehavior [ RunTime:0.001436s ]
INFO: [ app_end ] --END-- [ RunTime:0.001560s ]

[ 2016-08-18T00:02:24+08:00 ] 127.0.0.1 /index.php/Admin/Email/getMsgCount.html
INFO: [ app_begin ] --START--
INFO: Run Behavior\ReadHtmlCacheBehavior [ RunTime:0.000641s ]
INFO: [ app_begin ] --END-- [ RunTime:0.000721s ]
SQL: SHOW COLUMNS FROM `tp_email` [ RunTime:0.0094s ]
SQL: SELECT COUNT(*) AS tp_count FROM `tp_email` WHERE ( isread = 0 and to_id = 6 ) LIMIT 1   [ RunTime:0.0007s ]
INFO: [ app_end ] --START--
INFO: Run Behavior\ShowPageTraceBehavior [ RunTime:0.001475s ]
INFO: [ app_end ] --END-- [ RunTime:0.001636s ]

[ 2016-08-18T00:02:27+08:00 ] 127.0.0.1 /index.php/Admin/Email/getMsgCount.html
INFO: [ app_begin ] --START--
INFO: Run Behavior\ReadHtmlCacheBehavior [ RunTime:0.000866s ]
INFO: [ app_begin ] --END-- [ RunTime:0.000977s ]
SQL: SHOW COLUMNS FROM `tp_email` [ RunTime:0.0072s ]
SQL: SELECT COUNT(*) AS tp_count FROM `tp_email` WHERE ( isread = 0 and to_id = 1 ) LIMIT 1   [ RunTime:0.0006s ]
INFO: [ app_end ] --START--
INFO: Run Behavior\ShowPageTraceBehavior [ RunTime:0.001328s ]
INFO: [ app_end ] --END-- [ RunTime:0.001471s ]

[ 2016-08-18T00:02:27+08:00 ] 127.0.0.1 /index.php/Admin/Email/getMsgCount.html
INFO: [ app_begin ] --START--
INFO: Run Behavior\ReadHtmlCacheBehavior [ RunTime:0.000457s ]
INFO: [ app_begin ] --END-- [ RunTime:0.000522s ]
SQL: SHOW COLUMNS FROM `tp_email` [ RunTime:0.0075s ]
SQL: SELECT COUNT(*) AS tp_count FROM `tp_email` WHERE ( isread = 0 and to_id = 6 ) LIMIT 1   [ RunTime:0.0006s ]
INFO: [ app_end ] --START--
INFO: Run Behavior\ShowPageTraceBehavior [ RunTime:0.001397s ]
INFO: [ app_end ] --END-- [ RunTime:0.001551s ]

[ 2016-08-18T00:02:30+08:00 ] 127.0.0.1 /index.php/Admin/Email/getMsgCount.html
INFO: [ app_begin ] --START--
INFO: Run Behavior\ReadHtmlCacheBehavior [ RunTime:0.000417s ]
INFO: [ app_begin ] --END-- [ RunTime:0.000474s ]
SQL: SHOW COLUMNS FROM `tp_email` [ RunTime:0.0090s ]
SQL: SELECT COUNT(*) AS tp_count FROM `tp_email` WHERE ( isread = 0 and to_id = 1 ) LIMIT 1   [ RunTime:0.0007s ]
INFO: [ app_end ] --START--
INFO: Run Behavior\ShowPageTraceBehavior [ RunTime:0.001581s ]
INFO: [ app_end ] --END-- [ RunTime:0.001764s ]

[ 2016-08-18T00:02:30+08:00 ] 127.0.0.1 /index.php/Admin/Email/getMsgCount.html
INFO: [ app_begin ] --START--
INFO: Run Behavior\ReadHtmlCacheBehavior [ RunTime:0.000425s ]
INFO: [ app_begin ] --END-- [ RunTime:0.000479s ]
SQL: SHOW COLUMNS FROM `tp_email` [ RunTime:0.0059s ]
SQL: SELECT COUNT(*) AS tp_count FROM `tp_email` WHERE ( isread = 0 and to_id = 6 ) LIMIT 1   [ RunTime:0.0005s ]
INFO: [ app_end ] --START--
INFO: Run Behavior\ShowPageTraceBehavior [ RunTime:0.001231s ]
INFO: [ app_end ] --END-- [ RunTime:0.001409s ]

[ 2016-08-18T00:02:33+08:00 ] 127.0.0.1 /index.php/Admin/Email/getMsgCount.html
INFO: [ app_begin ] --START--
INFO: Run Behavior\ReadHtmlCacheBehavior [ RunTime:0.000866s ]
INFO: [ app_begin ] --END-- [ RunTime:0.000979s ]
SQL: SHOW COLUMNS FROM `tp_email` [ RunTime:0.0051s ]
SQL: SELECT COUNT(*) AS tp_count FROM `tp_email` WHERE ( isread = 0 and to_id = 1 ) LIMIT 1   [ RunTime:0.0005s ]
INFO: [ app_end ] --START--
INFO: Run Behavior\ShowPageTraceBehavior [ RunTime:0.000979s ]
INFO: [ app_end ] --END-- [ RunTime:0.001083s ]

[ 2016-08-18T00:02:33+08:00 ] 127.0.0.1 /index.php/Admin/Email/getMsgCount.html
INFO: [ app_begin ] --START--
INFO: Run Behavior\ReadHtmlCacheBehavior [ RunTime:0.000657s ]
INFO: [ app_begin ] --END-- [ RunTime:0.000746s ]
SQL: SHOW COLUMNS FROM `tp_email` [ RunTime:0.0074s ]
SQL: SELECT COUNT(*) AS tp_count FROM `tp_email` WHERE ( isread = 0 and to_id = 6 ) LIMIT 1   [ RunTime:0.0005s ]
INFO: [ app_end ] --START--
INFO: Run Behavior\ShowPageTraceBehavior [ RunTime:0.001232s ]
INFO: [ app_end ] --END-- [ RunTime:0.001365s ]

[ 2016-08-18T00:02:36+08:00 ] 127.0.0.1 /index.php/Admin/Email/getMsgCount.html
INFO: [ app_begin ] --START--
INFO: Run Behavior\ReadHtmlCacheBehavior [ RunTime:0.000434s ]
INFO: [ app_begin ] --END-- [ RunTime:0.000500s ]
SQL: SHOW COLUMNS FROM `tp_email` [ RunTime:0.0039s ]
SQL: SELECT COUNT(*) AS tp_count FROM `tp_email` WHERE ( isread = 0 and to_id = 1 ) LIMIT 1   [ RunTime:0.0004s ]
INFO: [ app_end ] --START--
INFO: Run Behavior\ShowPageTraceBehavior [ RunTime:0.000906s ]
INFO: [ app_end ] --END-- [ RunTime:0.001012s ]

[ 2016-08-18T00:02:36+08:00 ] 127.0.0.1 /index.php/Admin/Email/getMsgCount.html
INFO: [ app_begin ] --START--
INFO: Run Behavior\ReadHtmlCacheBehavior [ RunTime:0.000662s ]
INFO: [ app_begin ] --END-- [ RunTime:0.000747s ]
SQL: SHOW COLUMNS FROM `tp_email` [ RunTime:0.0067s ]
SQL: SELECT COUNT(*) AS tp_count FROM `tp_email` WHERE ( isread = 0 and to_id = 6 ) LIMIT 1   [ RunTime:0.0006s ]
INFO: [ app_end ] --START--
INFO: Run Behavior\ShowPageTraceBehavior [ RunTime:0.001211s ]
INFO: [ app_end ] --END-- [ RunTime:0.001349s ]

[ 2016-08-18T00:02:39+08:00 ] 127.0.0.1 /index.php/Admin/Email/getMsgCount.html
INFO: [ app_begin ] --START--
INFO: Run Behavior\ReadHtmlCacheBehavior [ RunTime:0.000420s ]
INFO: [ app_begin ] --END-- [ RunTime:0.000472s ]
SQL: SHOW COLUMNS FROM `tp_email` [ RunTime:0.0060s ]
SQL: SELECT COUNT(*) AS tp_count FROM `tp_email` WHERE ( isread = 0 and to_id = 1 ) LIMIT 1   [ RunTime:0.0005s ]
INFO: [ app_end ] --START--
INFO: Run Behavior\ShowPageTraceBehavior [ RunTime:0.001055s ]
INFO: [ app_end ] --END-- [ RunTime:0.001168s ]

[ 2016-08-18T00:02:39+08:00 ] 127.0.0.1 /index.php/Admin/Email/getMsgCount.html
INFO: [ app_begin ] --START--
INFO: Run Behavior\ReadHtmlCacheBehavior [ RunTime:0.001007s ]
INFO: [ app_begin ] --END-- [ RunTime:0.001138s ]
SQL: SHOW COLUMNS FROM `tp_email` [ RunTime:0.0083s ]
SQL: SELECT COUNT(*) AS tp_count FROM `tp_email` WHERE ( isread = 0 and to_id = 6 ) LIMIT 1   [ RunTime:0.0007s ]
INFO: [ app_end ] --START--
INFO: Run Behavior\ShowPageTraceBehavior [ RunTime:0.001616s ]
INFO: [ app_end ] --END-- [ RunTime:0.001800s ]

[ 2016-08-18T00:02:42+08:00 ] 127.0.0.1 /index.php/Admin/Email/getMsgCount.html
INFO: [ app_begin ] --START--
INFO: Run Behavior\ReadHtmlCacheBehavior [ RunTime:0.000442s ]
INFO: [ app_begin ] --END-- [ RunTime:0.000497s ]
SQL: SHOW COLUMNS FROM `tp_email` [ RunTime:0.0081s ]
SQL: SELECT COUNT(*) AS tp_count FROM `tp_email` WHERE ( isread = 0 and to_id = 1 ) LIMIT 1   [ RunTime:0.0011s ]
INFO: [ app_end ] --START--
INFO: Run Behavior\ShowPageTraceBehavior [ RunTime:0.001682s ]
INFO: [ app_end ] --END-- [ RunTime:0.001883s ]

[ 2016-08-18T00:02:42+08:00 ] 127.0.0.1 /index.php/Admin/Email/getMsgCount.html
INFO: [ app_begin ] --START--
INFO: Run Behavior\ReadHtmlCacheBehavior [ RunTime:0.000428s ]
INFO: [ app_begin ] --END-- [ RunTime:0.000482s ]
SQL: SHOW COLUMNS FROM `tp_email` [ RunTime:0.0099s ]
SQL: SELECT COUNT(*) AS tp_count FROM `tp_email` WHERE ( isread = 0 and to_id = 6 ) LIMIT 1   [ RunTime:0.0009s ]
INFO: [ app_end ] --START--
INFO: Run Behavior\ShowPageTraceBehavior [ RunTime:0.001356s ]
INFO: [ app_end ] --END-- [ RunTime:0.001507s ]

[ 2016-08-18T00:02:45+08:00 ] 127.0.0.1 /index.php/Admin/Email/getMsgCount.html
INFO: [ app_begin ] --START--
INFO: Run Behavior\ReadHtmlCacheBehavior [ RunTime:0.001033s ]
INFO: [ app_begin ] --END-- [ RunTime:0.001154s ]
SQL: SHOW COLUMNS FROM `tp_email` [ RunTime:0.0072s ]
SQL: SELECT COUNT(*) AS tp_count FROM `tp_email` WHERE ( isread = 0 and to_id = 1 ) LIMIT 1   [ RunTime:0.0014s ]
INFO: [ app_end ] --START--
INFO: Run Behavior\ShowPageTraceBehavior [ RunTime:0.001412s ]
INFO: [ app_end ] --END-- [ RunTime:0.001563s ]

[ 2016-08-18T00:02:45+08:00 ] 127.0.0.1 /index.php/Admin/Email/getMsgCount.html
INFO: [ app_begin ] --START--
INFO: Run Behavior\ReadHtmlCacheBehavior [ RunTime:0.000462s ]
INFO: [ app_begin ] --END-- [ RunTime:0.000519s ]
SQL: SHOW COLUMNS FROM `tp_email` [ RunTime:0.0055s ]
SQL: SELECT COUNT(*) AS tp_count FROM `tp_email` WHERE ( isread = 0 and to_id = 6 ) LIMIT 1   [ RunTime:0.0005s ]
INFO: [ app_end ] --START--
INFO: Run Behavior\ShowPageTraceBehavior [ RunTime:0.001021s ]
INFO: [ app_end ] --END-- [ RunTime:0.001130s ]

[ 2016-08-18T00:02:48+08:00 ] 127.0.0.1 /index.php/Admin/Email/getMsgCount.html
INFO: [ app_begin ] --START--
INFO: Run Behavior\ReadHtmlCacheBehavior [ RunTime:0.000888s ]
INFO: [ app_begin ] --END-- [ RunTime:0.001001s ]
SQL: SHOW COLUMNS FROM `tp_email` [ RunTime:0.0027s ]
SQL: SELECT COUNT(*) AS tp_count FROM `tp_email` WHERE ( isread = 0 and to_id = 1 ) LIMIT 1   [ RunTime:0.0003s ]
INFO: [ app_end ] --START--
INFO: Run Behavior\ShowPageTraceBehavior [ RunTime:0.000578s ]
INFO: [ app_end ] --END-- [ RunTime:0.000640s ]

[ 2016-08-18T00:02:48+08:00 ] 127.0.0.1 /index.php/Admin/Email/getMsgCount.html
INFO: [ app_begin ] --START--
INFO: Run Behavior\ReadHtmlCacheBehavior [ RunTime:0.000418s ]
INFO: [ app_begin ] --END-- [ RunTime:0.000469s ]
SQL: SHOW COLUMNS FROM `tp_email` [ RunTime:0.0084s ]
SQL: SELECT COUNT(*) AS tp_count FROM `tp_email` WHERE ( isread = 0 and to_id = 6 ) LIMIT 1   [ RunTime:0.0015s ]
INFO: [ app_end ] --START--
INFO: Run Behavior\ShowPageTraceBehavior [ RunTime:0.001874s ]
INFO: [ app_end ] --END-- [ RunTime:0.002068s ]

[ 2016-08-18T00:02:51+08:00 ] 127.0.0.1 /index.php/Admin/Email/getMsgCount.html
INFO: [ app_begin ] --START--
INFO: Run Behavior\ReadHtmlCacheBehavior [ RunTime:0.000808s ]
INFO: [ app_begin ] --END-- [ RunTime:0.000912s ]
SQL: SHOW COLUMNS FROM `tp_email` [ RunTime:0.0063s ]
SQL: SELECT COUNT(*) AS tp_count FROM `tp_email` WHERE ( isread = 0 and to_id = 1 ) LIMIT 1   [ RunTime:0.0005s ]
INFO: [ app_end ] --START--
INFO: Run Behavior\ShowPageTraceBehavior [ RunTime:0.000974s ]
INFO: [ app_end ] --END-- [ RunTime:0.001081s ]

[ 2016-08-18T00:02:51+08:00 ] 127.0.0.1 /index.php/Admin/Email/getMsgCount.html
INFO: [ app_begin ] --START--
INFO: Run Behavior\ReadHtmlCacheBehavior [ RunTime:0.000426s ]
INFO: [ app_begin ] --END-- [ RunTime:0.000480s ]
SQL: SHOW COLUMNS FROM `tp_email` [ RunTime:0.0029s ]
SQL: SELECT COUNT(*) AS tp_count FROM `tp_email` WHERE ( isread = 0 and to_id = 6 ) LIMIT 1   [ RunTime:0.0002s ]
INFO: [ app_end ] --START--
INFO: Run Behavior\ShowPageTraceBehavior [ RunTime:0.000579s ]
INFO: [ app_end ] --END-- [ RunTime:0.000638s ]

[ 2016-08-18T00:02:54+08:00 ] 127.0.0.1 /index.php/Admin/Email/getMsgCount.html
INFO: [ app_begin ] --START--
INFO: Run Behavior\ReadHtmlCacheBehavior [ RunTime:0.000925s ]
INFO: [ app_begin ] --END-- [ RunTime:0.001039s ]
SQL: SHOW COLUMNS FROM `tp_email` [ RunTime:0.0030s ]
SQL: SELECT COUNT(*) AS tp_count FROM `tp_email` WHERE ( isread = 0 and to_id = 1 ) LIMIT 1   [ RunTime:0.0004s ]
INFO: [ app_end ] --START--
INFO: Run Behavior\ShowPageTraceBehavior [ RunTime:0.000592s ]
INFO: [ app_end ] --END-- [ RunTime:0.000661s ]

[ 2016-08-18T00:02:54+08:00 ] 127.0.0.1 /index.php/Admin/Email/getMsgCount.html
INFO: [ app_begin ] --START--
INFO: Run Behavior\ReadHtmlCacheBehavior [ RunTime:0.000483s ]
INFO: [ app_begin ] --END-- [ RunTime:0.000540s ]
SQL: SHOW COLUMNS FROM `tp_email` [ RunTime:0.0041s ]
SQL: SELECT COUNT(*) AS tp_count FROM `tp_email` WHERE ( isread = 0 and to_id = 6 ) LIMIT 1   [ RunTime:0.0003s ]
INFO: [ app_end ] --START--
INFO: Run Behavior\ShowPageTraceBehavior [ RunTime:0.000785s ]
INFO: [ app_end ] --END-- [ RunTime:0.000870s ]

[ 2016-08-18T00:02:57+08:00 ] 127.0.0.1 /index.php/Admin/Email/getMsgCount.html
INFO: [ app_begin ] --START--
INFO: Run Behavior\ReadHtmlCacheBehavior [ RunTime:0.000918s ]
INFO: [ app_begin ] --END-- [ RunTime:0.001034s ]
SQL: SHOW COLUMNS FROM `tp_email` [ RunTime:0.0081s ]
SQL: SELECT COUNT(*) AS tp_count FROM `tp_email` WHERE ( isread = 0 and to_id = 1 ) LIMIT 1   [ RunTime:0.0008s ]
INFO: [ app_end ] --START--
INFO: Run Behavior\ShowPageTraceBehavior [ RunTime:0.001682s ]
INFO: [ app_end ] --END-- [ RunTime:0.001877s ]

[ 2016-08-18T00:02:57+08:00 ] 127.0.0.1 /index.php/Admin/Email/getMsgCount.html
INFO: [ app_begin ] --START--
INFO: Run Behavior\ReadHtmlCacheBehavior [ RunTime:0.000566s ]
INFO: [ app_begin ] --END-- [ RunTime:0.000690s ]
SQL: SHOW COLUMNS FROM `tp_email` [ RunTime:0.0029s ]
SQL: SELECT COUNT(*) AS tp_count FROM `tp_email` WHERE ( isread = 0 and to_id = 6 ) LIMIT 1   [ RunTime:0.0003s ]
INFO: [ app_end ] --START--
INFO: Run Behavior\ShowPageTraceBehavior [ RunTime:0.000518s ]
INFO: [ app_end ] --END-- [ RunTime:0.000574s ]

[ 2016-08-18T00:03:00+08:00 ] 127.0.0.1 /index.php/Admin/Email/getMsgCount.html
INFO: [ app_begin ] --START--
INFO: Run Behavior\ReadHtmlCacheBehavior [ RunTime:0.000876s ]
INFO: [ app_begin ] --END-- [ RunTime:0.000987s ]
SQL: SHOW COLUMNS FROM `tp_email` [ RunTime:0.0037s ]
SQL: SELECT COUNT(*) AS tp_count FROM `tp_email` WHERE ( isread = 0 and to_id = 1 ) LIMIT 1   [ RunTime:0.0004s ]
INFO: [ app_end ] --START--
INFO: Run Behavior\ShowPageTraceBehavior [ RunTime:0.000768s ]
INFO: [ app_end ] --END-- [ RunTime:0.000847s ]

[ 2016-08-18T00:03:00+08:00 ] 127.0.0.1 /index.php/Admin/Email/getMsgCount.html
INFO: [ app_begin ] --START--
INFO: Run Behavior\ReadHtmlCacheBehavior [ RunTime:0.000450s ]
INFO: [ app_begin ] --END-- [ RunTime:0.000504s ]
SQL: SHOW COLUMNS FROM `tp_email` [ RunTime:0.0029s ]
SQL: SELECT COUNT(*) AS tp_count FROM `tp_email` WHERE ( isread = 0 and to_id = 6 ) LIMIT 1   [ RunTime:0.0003s ]
INFO: [ app_end ] --START--
INFO: Run Behavior\ShowPageTraceBehavior [ RunTime:0.000565s ]
INFO: [ app_end ] --END-- [ RunTime:0.000623s ]

[ 2016-08-18T00:03:03+08:00 ] 127.0.0.1 /index.php/Admin/Email/getMsgCount.html
INFO: [ app_begin ] --START--
INFO: Run Behavior\ReadHtmlCacheBehavior [ RunTime:0.000478s ]
INFO: [ app_begin ] --END-- [ RunTime:0.000541s ]
SQL: SHOW COLUMNS FROM `tp_email` [ RunTime:0.0029s ]
SQL: SELECT COUNT(*) AS tp_count FROM `tp_email` WHERE ( isread = 0 and to_id = 1 ) LIMIT 1   [ RunTime:0.0003s ]
INFO: [ app_end ] --START--
INFO: Run Behavior\ShowPageTraceBehavior [ RunTime:0.000566s ]
INFO: [ app_end ] --END-- [ RunTime:0.000624s ]

[ 2016-08-18T00:03:03+08:00 ] 127.0.0.1 /index.php/Admin/Email/getMsgCount.html
INFO: [ app_begin ] --START--
INFO: Run Behavior\ReadHtmlCacheBehavior [ RunTime:0.000770s ]
INFO: [ app_begin ] --END-- [ RunTime:0.000871s ]
SQL: SHOW COLUMNS FROM `tp_email` [ RunTime:0.0064s ]
SQL: SELECT COUNT(*) AS tp_count FROM `tp_email` WHERE ( isread = 0 and to_id = 6 ) LIMIT 1   [ RunTime:0.0007s ]
INFO: [ app_end ] --START--
INFO: Run Behavior\ShowPageTraceBehavior [ RunTime:0.001214s ]
INFO: [ app_end ] --END-- [ RunTime:0.001351s ]

[ 2016-08-18T00:03:06+08:00 ] 127.0.0.1 /index.php/Admin/Email/getMsgCount.html
INFO: [ app_begin ] --START--
INFO: Run Behavior\ReadHtmlCacheBehavior [ RunTime:0.001011s ]
INFO: [ app_begin ] --END-- [ RunTime:0.001177s ]
SQL: SHOW COLUMNS FROM `tp_email` [ RunTime:0.0051s ]
SQL: SELECT COUNT(*) AS tp_count FROM `tp_email` WHERE ( isread = 0 and to_id = 1 ) LIMIT 1   [ RunTime:0.0005s ]
INFO: [ app_end ] --START--
INFO: Run Behavior\ShowPageTraceBehavior [ RunTime:0.001013s ]
INFO: [ app_end ] --END-- [ RunTime:0.001126s ]

[ 2016-08-18T00:03:06+08:00 ] 127.0.0.1 /index.php/Admin/Email/getMsgCount.html
INFO: [ app_begin ] --START--
INFO: Run Behavior\ReadHtmlCacheBehavior [ RunTime:0.000905s ]
INFO: [ app_begin ] --END-- [ RunTime:0.001020s ]
SQL: SHOW COLUMNS FROM `tp_email` [ RunTime:0.0068s ]
SQL: SELECT COUNT(*) AS tp_count FROM `tp_email` WHERE ( isread = 0 and to_id = 6 ) LIMIT 1   [ RunTime:0.0005s ]
INFO: [ app_end ] --START--
INFO: Run Behavior\ShowPageTraceBehavior [ RunTime:0.001007s ]
INFO: [ app_end ] --END-- [ RunTime:0.001121s ]

[ 2016-08-18T00:03:09+08:00 ] 127.0.0.1 /index.php/Admin/Email/getMsgCount.html
INFO: [ app_begin ] --START--
INFO: Run Behavior\ReadHtmlCacheBehavior [ RunTime:0.000521s ]
INFO: [ app_begin ] --END-- [ RunTime:0.000591s ]
SQL: SHOW COLUMNS FROM `tp_email` [ RunTime:0.0076s ]
SQL: SELECT COUNT(*) AS tp_count FROM `tp_email` WHERE ( isread = 0 and to_id = 1 ) LIMIT 1   [ RunTime:0.0007s ]
INFO: [ app_end ] --START--
INFO: Run Behavior\ShowPageTraceBehavior [ RunTime:0.001367s ]
INFO: [ app_end ] --END-- [ RunTime:0.001510s ]

[ 2016-08-18T00:03:09+08:00 ] 127.0.0.1 /index.php/Admin/Email/getMsgCount.html
INFO: [ app_begin ] --START--
INFO: Run Behavior\ReadHtmlCacheBehavior [ RunTime:0.000871s ]
INFO: [ app_begin ] --END-- [ RunTime:0.000981s ]
SQL: SHOW COLUMNS FROM `tp_email` [ RunTime:0.0041s ]
SQL: SELECT COUNT(*) AS tp_count FROM `tp_email` WHERE ( isread = 0 and to_id = 6 ) LIMIT 1   [ RunTime:0.0003s ]
INFO: [ app_end ] --START--
INFO: Run Behavior\ShowPageTraceBehavior [ RunTime:0.000836s ]
INFO: [ app_end ] --END-- [ RunTime:0.000927s ]

[ 2016-08-18T00:03:12+08:00 ] 127.0.0.1 /index.php/Admin/Email/getMsgCount.html
INFO: [ app_begin ] --START--
INFO: Run Behavior\ReadHtmlCacheBehavior [ RunTime:0.000756s ]
INFO: [ app_begin ] --END-- [ RunTime:0.000854s ]
SQL: SHOW COLUMNS FROM `tp_email` [ RunTime:0.0069s ]
SQL: SELECT COUNT(*) AS tp_count FROM `tp_email` WHERE ( isread = 0 and to_id = 1 ) LIMIT 1   [ RunTime:0.0008s ]
INFO: [ app_end ] --START--
INFO: Run Behavior\ShowPageTraceBehavior [ RunTime:0.001615s ]
INFO: [ app_end ] --END-- [ RunTime:0.001856s ]

[ 2016-08-18T00:03:12+08:00 ] 127.0.0.1 /index.php/Admin/Email/getMsgCount.html
INFO: [ app_begin ] --START--
INFO: Run Behavior\ReadHtmlCacheBehavior [ RunTime:0.000836s ]
INFO: [ app_begin ] --END-- [ RunTime:0.000942s ]
SQL: SHOW COLUMNS FROM `tp_email` [ RunTime:0.0043s ]
SQL: SELECT COUNT(*) AS tp_count FROM `tp_email` WHERE ( isread = 0 and to_id = 6 ) LIMIT 1   [ RunTime:0.0004s ]
INFO: [ app_end ] --START--
INFO: Run Behavior\ShowPageTraceBehavior [ RunTime:0.000907s ]
INFO: [ app_end ] --END-- [ RunTime:0.001004s ]

[ 2016-08-18T00:03:15+08:00 ] 127.0.0.1 /index.php/Admin/Email/getMsgCount.html
INFO: [ app_begin ] --START--
INFO: Run Behavior\ReadHtmlCacheBehavior [ RunTime:0.000723s ]
INFO: [ app_begin ] --END-- [ RunTime:0.000802s ]
SQL: SHOW COLUMNS FROM `tp_email` [ RunTime:0.0054s ]
SQL: SELECT COUNT(*) AS tp_count FROM `tp_email` WHERE ( isread = 0 and to_id = 1 ) LIMIT 1   [ RunTime:0.0005s ]
INFO: [ app_end ] --START--
INFO: Run Behavior\ShowPageTraceBehavior [ RunTime:0.000982s ]
INFO: [ app_end ] --END-- [ RunTime:0.001084s ]

[ 2016-08-18T00:03:15+08:00 ] 127.0.0.1 /index.php/Admin/Email/getMsgCount.html
INFO: [ app_begin ] --START--
INFO: Run Behavior\ReadHtmlCacheBehavior [ RunTime:0.000439s ]
INFO: [ app_begin ] --END-- [ RunTime:0.000494s ]
SQL: SHOW COLUMNS FROM `tp_email` [ RunTime:0.0048s ]
SQL: SELECT COUNT(*) AS tp_count FROM `tp_email` WHERE ( isread = 0 and to_id = 6 ) LIMIT 1   [ RunTime:0.0005s ]
INFO: [ app_end ] --START--
INFO: Run Behavior\ShowPageTraceBehavior [ RunTime:0.000980s ]
INFO: [ app_end ] --END-- [ RunTime:0.001090s ]

[ 2016-08-18T00:03:18+08:00 ] 127.0.0.1 /index.php/Admin/Email/getMsgCount.html
INFO: [ app_begin ] --START--
INFO: Run Behavior\ReadHtmlCacheBehavior [ RunTime:0.000445s ]
INFO: [ app_begin ] --END-- [ RunTime:0.000498s ]
SQL: SHOW COLUMNS FROM `tp_email` [ RunTime:0.0054s ]
SQL: SELECT COUNT(*) AS tp_count FROM `tp_email` WHERE ( isread = 0 and to_id = 1 ) LIMIT 1   [ RunTime:0.0005s ]
INFO: [ app_end ] --START--
INFO: Run Behavior\ShowPageTraceBehavior [ RunTime:0.001016s ]
INFO: [ app_end ] --END-- [ RunTime:0.001128s ]

[ 2016-08-18T00:03:18+08:00 ] 127.0.0.1 /index.php/Admin/Email/getMsgCount.html
INFO: [ app_begin ] --START--
INFO: Run Behavior\ReadHtmlCacheBehavior [ RunTime:0.000928s ]
INFO: [ app_begin ] --END-- [ RunTime:0.001046s ]
SQL: SHOW COLUMNS FROM `tp_email` [ RunTime:0.0033s ]
SQL: SELECT COUNT(*) AS tp_count FROM `tp_email` WHERE ( isread = 0 and to_id = 6 ) LIMIT 1   [ RunTime:0.0003s ]
INFO: [ app_end ] --START--
INFO: Run Behavior\ShowPageTraceBehavior [ RunTime:0.000585s ]
INFO: [ app_end ] --END-- [ RunTime:0.000646s ]

[ 2016-08-18T00:03:21+08:00 ] 127.0.0.1 /index.php/Admin/Email/getMsgCount.html
INFO: [ app_begin ] --START--
INFO: Run Behavior\ReadHtmlCacheBehavior [ RunTime:0.000519s ]
INFO: [ app_begin ] --END-- [ RunTime:0.000599s ]
SQL: SHOW COLUMNS FROM `tp_email` [ RunTime:0.0069s ]
SQL: SELECT COUNT(*) AS tp_count FROM `tp_email` WHERE ( isread = 0 and to_id = 1 ) LIMIT 1   [ RunTime:0.0013s ]
INFO: [ app_end ] --START--
INFO: Run Behavior\ShowPageTraceBehavior [ RunTime:0.001297s ]
INFO: [ app_end ] --END-- [ RunTime:0.001503s ]

[ 2016-08-18T00:03:21+08:00 ] 127.0.0.1 /index.php/Admin/Email/getMsgCount.html
INFO: [ app_begin ] --START--
INFO: Run Behavior\ReadHtmlCacheBehavior [ RunTime:0.000455s ]
INFO: [ app_begin ] --END-- [ RunTime:0.000529s ]
SQL: SHOW COLUMNS FROM `tp_email` [ RunTime:0.0029s ]
SQL: SELECT COUNT(*) AS tp_count FROM `tp_email` WHERE ( isread = 0 and to_id = 6 ) LIMIT 1   [ RunTime:0.0003s ]
INFO: [ app_end ] --START--
INFO: Run Behavior\ShowPageTraceBehavior [ RunTime:0.000533s ]
INFO: [ app_end ] --END-- [ RunTime:0.000602s ]

[ 2016-08-18T00:03:24+08:00 ] 127.0.0.1 /index.php/Admin/Email/getMsgCount.html
INFO: [ app_begin ] --START--
INFO: Run Behavior\ReadHtmlCacheBehavior [ RunTime:0.001069s ]
INFO: [ app_begin ] --END-- [ RunTime:0.001195s ]
SQL: SHOW COLUMNS FROM `tp_email` [ RunTime:0.0067s ]
SQL: SELECT COUNT(*) AS tp_count FROM `tp_email` WHERE ( isread = 0 and to_id = 1 ) LIMIT 1   [ RunTime:0.0007s ]
INFO: [ app_end ] --START--
INFO: Run Behavior\ShowPageTraceBehavior [ RunTime:0.001410s ]
INFO: [ app_end ] --END-- [ RunTime:0.001569s ]

[ 2016-08-18T00:03:24+08:00 ] 127.0.0.1 /index.php/Admin/Email/getMsgCount.html
INFO: [ app_begin ] --START--
INFO: Run Behavior\ReadHtmlCacheBehavior [ RunTime:0.000713s ]
INFO: [ app_begin ] --END-- [ RunTime:0.000802s ]
SQL: SHOW COLUMNS FROM `tp_email` [ RunTime:0.0081s ]
SQL: SELECT COUNT(*) AS tp_count FROM `tp_email` WHERE ( isread = 0 and to_id = 6 ) LIMIT 1   [ RunTime:0.0007s ]
INFO: [ app_end ] --START--
INFO: Run Behavior\ShowPageTraceBehavior [ RunTime:0.002684s ]
INFO: [ app_end ] --END-- [ RunTime:0.002876s ]

[ 2016-08-18T00:03:27+08:00 ] 127.0.0.1 /index.php/Admin/Email/getMsgCount.html
INFO: [ app_begin ] --START--
INFO: Run Behavior\ReadHtmlCacheBehavior [ RunTime:0.000461s ]
INFO: [ app_begin ] --END-- [ RunTime:0.000516s ]
SQL: SHOW COLUMNS FROM `tp_email` [ RunTime:0.0054s ]
SQL: SELECT COUNT(*) AS tp_count FROM `tp_email` WHERE ( isread = 0 and to_id = 1 ) LIMIT 1   [ RunTime:0.0006s ]
INFO: [ app_end ] --START--
INFO: Run Behavior\ShowPageTraceBehavior [ RunTime:0.001097s ]
INFO: [ app_end ] --END-- [ RunTime:0.001219s ]

[ 2016-08-18T00:03:27+08:00 ] 127.0.0.1 /index.php/Admin/Email/getMsgCount.html
INFO: [ app_begin ] --START--
INFO: Run Behavior\ReadHtmlCacheBehavior [ RunTime:0.000877s ]
INFO: [ app_begin ] --END-- [ RunTime:0.001022s ]
SQL: SHOW COLUMNS FROM `tp_email` [ RunTime:0.0064s ]
SQL: SELECT COUNT(*) AS tp_count FROM `tp_email` WHERE ( isread = 0 and to_id = 6 ) LIMIT 1   [ RunTime:0.0005s ]
INFO: [ app_end ] --START--
INFO: Run Behavior\ShowPageTraceBehavior [ RunTime:0.001017s ]
INFO: [ app_end ] --END-- [ RunTime:0.001164s ]

[ 2016-08-18T00:03:30+08:00 ] 127.0.0.1 /index.php/Admin/Email/getMsgCount.html
INFO: [ app_begin ] --START--
INFO: Run Behavior\ReadHtmlCacheBehavior [ RunTime:0.000432s ]
INFO: [ app_begin ] --END-- [ RunTime:0.000488s ]
SQL: SHOW COLUMNS FROM `tp_email` [ RunTime:0.0086s ]
SQL: SELECT COUNT(*) AS tp_count FROM `tp_email` WHERE ( isread = 0 and to_id = 1 ) LIMIT 1   [ RunTime:0.0007s ]
INFO: [ app_end ] --START--
INFO: Run Behavior\ShowPageTraceBehavior [ RunTime:0.002351s ]
INFO: [ app_end ] --END-- [ RunTime:0.002543s ]

[ 2016-08-18T00:03:30+08:00 ] 127.0.0.1 /index.php/Admin/Email/getMsgCount.html
INFO: [ app_begin ] --START--
INFO: Run Behavior\ReadHtmlCacheBehavior [ RunTime:0.000450s ]
INFO: [ app_begin ] --END-- [ RunTime:0.000510s ]
SQL: SHOW COLUMNS FROM `tp_email` [ RunTime:0.0054s ]
SQL: SELECT COUNT(*) AS tp_count FROM `tp_email` WHERE ( isread = 0 and to_id = 6 ) LIMIT 1   [ RunTime:0.0004s ]
INFO: [ app_end ] --START--
INFO: Run Behavior\ShowPageTraceBehavior [ RunTime:0.000964s ]
INFO: [ app_end ] --END-- [ RunTime:0.001067s ]

[ 2016-08-18T00:03:33+08:00 ] 127.0.0.1 /index.php/Admin/Email/getMsgCount.html
INFO: [ app_begin ] --START--
INFO: Run Behavior\ReadHtmlCacheBehavior [ RunTime:0.000819s ]
INFO: [ app_begin ] --END-- [ RunTime:0.000972s ]
SQL: SHOW COLUMNS FROM `tp_email` [ RunTime:0.0053s ]
SQL: SELECT COUNT(*) AS tp_count FROM `tp_email` WHERE ( isread = 0 and to_id = 1 ) LIMIT 1   [ RunTime:0.0005s ]
INFO: [ app_end ] --START--
INFO: Run Behavior\ShowPageTraceBehavior [ RunTime:0.001162s ]
INFO: [ app_end ] --END-- [ RunTime:0.002340s ]

[ 2016-08-18T00:03:33+08:00 ] 127.0.0.1 /index.php/Admin/Email/getMsgCount.html
INFO: [ app_begin ] --START--
INFO: Run Behavior\ReadHtmlCacheBehavior [ RunTime:0.001508s ]
INFO: [ app_begin ] --END-- [ RunTime:0.001636s ]
SQL: SHOW COLUMNS FROM `tp_email` [ RunTime:0.0088s ]
SQL: SELECT COUNT(*) AS tp_count FROM `tp_email` WHERE ( isread = 0 and to_id = 6 ) LIMIT 1   [ RunTime:0.0007s ]
INFO: [ app_end ] --START--
INFO: Run Behavior\ShowPageTraceBehavior [ RunTime:0.001614s ]
INFO: [ app_end ] --END-- [ RunTime:0.001916s ]

[ 2016-08-18T00:03:36+08:00 ] 127.0.0.1 /index.php/Admin/Email/getMsgCount.html
INFO: [ app_begin ] --START--
INFO: Run Behavior\ReadHtmlCacheBehavior [ RunTime:0.000928s ]
INFO: [ app_begin ] --END-- [ RunTime:0.001043s ]
SQL: SHOW COLUMNS FROM `tp_email` [ RunTime:0.0086s ]
SQL: SELECT COUNT(*) AS tp_count FROM `tp_email` WHERE ( isread = 0 and to_id = 1 ) LIMIT 1   [ RunTime:0.0010s ]
INFO: [ app_end ] --START--
INFO: Run Behavior\ShowPageTraceBehavior [ RunTime:0.001625s ]
INFO: [ app_end ] --END-- [ RunTime:0.001814s ]

[ 2016-08-18T00:03:36+08:00 ] 127.0.0.1 /index.php/Admin/Email/getMsgCount.html
INFO: [ app_begin ] --START--
INFO: Run Behavior\ReadHtmlCacheBehavior [ RunTime:0.001310s ]
INFO: [ app_begin ] --END-- [ RunTime:0.001420s ]
SQL: SHOW COLUMNS FROM `tp_email` [ RunTime:0.0093s ]
SQL: SELECT COUNT(*) AS tp_count FROM `tp_email` WHERE ( isread = 0 and to_id = 6 ) LIMIT 1   [ RunTime:0.0006s ]
INFO: [ app_end ] --START--
INFO: Run Behavior\ShowPageTraceBehavior [ RunTime:0.001352s ]
INFO: [ app_end ] --END-- [ RunTime:0.001496s ]

[ 2016-08-18T00:03:39+08:00 ] 127.0.0.1 /index.php/Admin/Email/getMsgCount.html
INFO: [ app_begin ] --START--
INFO: Run Behavior\ReadHtmlCacheBehavior [ RunTime:0.001023s ]
INFO: [ app_begin ] --END-- [ RunTime:0.001181s ]
SQL: SHOW COLUMNS FROM `tp_email` [ RunTime:0.0060s ]
SQL: SELECT COUNT(*) AS tp_count FROM `tp_email` WHERE ( isread = 0 and to_id = 1 ) LIMIT 1   [ RunTime:0.0006s ]
INFO: [ app_end ] --START--
INFO: Run Behavior\ShowPageTraceBehavior [ RunTime:0.001186s ]
INFO: [ app_end ] --END-- [ RunTime:0.001318s ]

[ 2016-08-18T00:03:39+08:00 ] 127.0.0.1 /index.php/Admin/Email/getMsgCount.html
INFO: [ app_begin ] --START--
INFO: Run Behavior\ReadHtmlCacheBehavior [ RunTime:0.000414s ]
INFO: [ app_begin ] --END-- [ RunTime:0.000467s ]
SQL: SHOW COLUMNS FROM `tp_email` [ RunTime:0.0037s ]
SQL: SELECT COUNT(*) AS tp_count FROM `tp_email` WHERE ( isread = 0 and to_id = 6 ) LIMIT 1   [ RunTime:0.0004s ]
INFO: [ app_end ] --START--
INFO: Run Behavior\ShowPageTraceBehavior [ RunTime:0.000968s ]
INFO: [ app_end ] --END-- [ RunTime:0.001087s ]

[ 2016-08-18T00:03:42+08:00 ] 127.0.0.1 /index.php/Admin/Email/getMsgCount.html
INFO: [ app_begin ] --START--
INFO: Run Behavior\ReadHtmlCacheBehavior [ RunTime:0.000449s ]
INFO: [ app_begin ] --END-- [ RunTime:0.000505s ]
SQL: SHOW COLUMNS FROM `tp_email` [ RunTime:0.0067s ]
SQL: SELECT COUNT(*) AS tp_count FROM `tp_email` WHERE ( isread = 0 and to_id = 1 ) LIMIT 1   [ RunTime:0.0005s ]
INFO: [ app_end ] --START--
INFO: Run Behavior\ShowPageTraceBehavior [ RunTime:0.001371s ]
INFO: [ app_end ] --END-- [ RunTime:0.001516s ]

[ 2016-08-18T00:03:45+08:00 ] 127.0.0.1 /index.php/Admin/Email/getMsgCount.html
INFO: [ app_begin ] --START--
INFO: Run Behavior\ReadHtmlCacheBehavior [ RunTime:0.000655s ]
INFO: [ app_begin ] --END-- [ RunTime:0.000737s ]
SQL: SHOW COLUMNS FROM `tp_email` [ RunTime:0.0123s ]
SQL: SELECT COUNT(*) AS tp_count FROM `tp_email` WHERE ( isread = 0 and to_id = 1 ) LIMIT 1   [ RunTime:0.0021s ]
INFO: [ app_end ] --START--
INFO: Run Behavior\ShowPageTraceBehavior [ RunTime:0.000940s ]
INFO: [ app_end ] --END-- [ RunTime:0.001041s ]

[ 2016-08-18T00:03:48+08:00 ] 127.0.0.1 /index.php/Admin/Email/getMsgCount.html
INFO: [ app_begin ] --START--
INFO: Run Behavior\ReadHtmlCacheBehavior [ RunTime:0.000429s ]
INFO: [ app_begin ] --END-- [ RunTime:0.000483s ]
SQL: SHOW COLUMNS FROM `tp_email` [ RunTime:0.0094s ]
SQL: SELECT COUNT(*) AS tp_count FROM `tp_email` WHERE ( isread = 0 and to_id = 1 ) LIMIT 1   [ RunTime:0.0007s ]
INFO: [ app_end ] --START--
INFO: Run Behavior\ShowPageTraceBehavior [ RunTime:0.001442s ]
INFO: [ app_end ] --END-- [ RunTime:0.001583s ]

[ 2016-08-18T00:03:51+08:00 ] 127.0.0.1 /index.php/Admin/Email/getMsgCount.html
INFO: [ app_begin ] --START--
INFO: Run Behavior\ReadHtmlCacheBehavior [ RunTime:0.000850s ]
INFO: [ app_begin ] --END-- [ RunTime:0.000955s ]
SQL: SHOW COLUMNS FROM `tp_email` [ RunTime:0.0094s ]
SQL: SELECT COUNT(*) AS tp_count FROM `tp_email` WHERE ( isread = 0 and to_id = 1 ) LIMIT 1   [ RunTime:0.0008s ]
INFO: [ app_end ] --START--
INFO: Run Behavior\ShowPageTraceBehavior [ RunTime:0.002084s ]
INFO: [ app_end ] --END-- [ RunTime:0.002294s ]

[ 2016-08-18T00:03:54+08:00 ] 127.0.0.1 /index.php/Admin/Email/getMsgCount.html
INFO: [ app_begin ] --START--
INFO: Run Behavior\ReadHtmlCacheBehavior [ RunTime:0.000761s ]
INFO: [ app_begin ] --END-- [ RunTime:0.000861s ]
SQL: SHOW COLUMNS FROM `tp_email` [ RunTime:0.0102s ]
SQL: SELECT COUNT(*) AS tp_count FROM `tp_email` WHERE ( isread = 0 and to_id = 1 ) LIMIT 1   [ RunTime:0.0011s ]
INFO: [ app_end ] --START--
INFO: Run Behavior\ShowPageTraceBehavior [ RunTime:0.001065s ]
INFO: [ app_end ] --END-- [ RunTime:0.001162s ]

[ 2016-08-18T00:03:57+08:00 ] 127.0.0.1 /index.php/Admin/Email/getMsgCount.html
INFO: [ app_begin ] --START--
INFO: Run Behavior\ReadHtmlCacheBehavior [ RunTime:0.000931s ]
INFO: [ app_begin ] --END-- [ RunTime:0.001065s ]
SQL: SHOW COLUMNS FROM `tp_email` [ RunTime:0.0082s ]
SQL: SELECT COUNT(*) AS tp_count FROM `tp_email` WHERE ( isread = 0 and to_id = 1 ) LIMIT 1   [ RunTime:0.0008s ]
INFO: [ app_end ] --START--
INFO: Run Behavior\ShowPageTraceBehavior [ RunTime:0.001636s ]
INFO: [ app_end ] --END-- [ RunTime:0.001889s ]

[ 2016-08-18T00:04:00+08:00 ] 127.0.0.1 /index.php/Admin/Email/getMsgCount.html
INFO: [ app_begin ] --START--
INFO: Run Behavior\ReadHtmlCacheBehavior [ RunTime:0.000500s ]
INFO: [ app_begin ] --END-- [ RunTime:0.000566s ]
SQL: SHOW COLUMNS FROM `tp_email` [ RunTime:0.0084s ]
SQL: SELECT COUNT(*) AS tp_count FROM `tp_email` WHERE ( isread = 0 and to_id = 1 ) LIMIT 1   [ RunTime:0.0008s ]
INFO: [ app_end ] --START--
INFO: Run Behavior\ShowPageTraceBehavior [ RunTime:0.001657s ]
INFO: [ app_end ] --END-- [ RunTime:0.001834s ]

[ 2016-08-18T00:04:03+08:00 ] 127.0.0.1 /index.php/Admin/Email/getMsgCount.html
INFO: [ app_begin ] --START--
INFO: Run Behavior\ReadHtmlCacheBehavior [ RunTime:0.000647s ]
INFO: [ app_begin ] --END-- [ RunTime:0.000729s ]
SQL: SHOW COLUMNS FROM `tp_email` [ RunTime:0.0082s ]
SQL: SELECT COUNT(*) AS tp_count FROM `tp_email` WHERE ( isread = 0 and to_id = 1 ) LIMIT 1   [ RunTime:0.0008s ]
INFO: [ app_end ] --START--
INFO: Run Behavior\ShowPageTraceBehavior [ RunTime:0.002044s ]
INFO: [ app_end ] --END-- [ RunTime:0.002247s ]

[ 2016-08-18T00:04:06+08:00 ] 127.0.0.1 /index.php/Admin/Email/getMsgCount.html
INFO: [ app_begin ] --START--
INFO: Run Behavior\ReadHtmlCacheBehavior [ RunTime:0.000641s ]
INFO: [ app_begin ] --END-- [ RunTime:0.000722s ]
SQL: SHOW COLUMNS FROM `tp_email` [ RunTime:0.0085s ]
SQL: SELECT COUNT(*) AS tp_count FROM `tp_email` WHERE ( isread = 0 and to_id = 1 ) LIMIT 1   [ RunTime:0.0008s ]
INFO: [ app_end ] --START--
INFO: Run Behavior\ShowPageTraceBehavior [ RunTime:0.001804s ]
INFO: [ app_end ] --END-- [ RunTime:0.001984s ]

